<?xml version="1.0" encoding="UTF-8"?>
<!-- Generated by org.testng.reporters.JUnitReportReporter -->
<testsuite hostname="Gaurav3152712" failures="0" tests="1" name="seleniumPractice.LoginHomePage" time="12.033" errors="0" timestamp="01 Jun 2021 12:55:23 GMT" skipped="0">
  <testcase classname="seleniumPractice.LoginHomePage" name="navigate" time="12.033"/>
</testsuite> <!-- seleniumPractice.LoginHomePage -->
